{"@timestamp":"2024-11-19T20:29:54.138359Z","logger_name":"com.messagingservice.backendservice.MessagingServiceApplication","thread_name":"main","level":"INFO","message":"Starting MessagingServiceApplication using Java 17.0.7 with PID 36386 (/Users/gautamjaganatha/Desktop/Java/ProjectOne/backend-service/target/classes started by gautamjaganatha in /Users/gautamjaganatha/Desktop/Java/ProjectOne)"}
{"@timestamp":"2024-11-19T20:29:54.14257Z","logger_name":"com.messagingservice.backendservice.MessagingServiceApplication","thread_name":"main","level":"INFO","message":"No active profile set, falling back to 1 default profile: \"default\""}
{"@timestamp":"2024-11-19T20:29:54.516461Z","logger_name":"org.springframework.data.repository.config.RepositoryConfigurationDelegate","thread_name":"main","level":"INFO","message":"Bootstrapping Spring Data JPA repositories in DEFAULT mode."}
{"@timestamp":"2024-11-19T20:29:54.589788Z","logger_name":"org.springframework.data.repository.config.RepositoryConfigurationDelegate","thread_name":"main","level":"INFO","message":"Finished Spring Data repository scanning in 69 ms. Found 11 JPA repository interfaces."}
{"@timestamp":"2024-11-19T20:29:54.690535Z","logger_name":"org.springframework.cloud.context.scope.GenericScope","thread_name":"main","level":"INFO","message":"BeanFactory id=8b2fad39-3fba-3c45-8856-67dd00689fe7"}
{"@timestamp":"2024-11-19T20:29:54.751803Z","logger_name":"org.springframework.context.support.PostProcessorRegistrationDelegate$BeanPostProcessorChecker","thread_name":"main","level":"INFO","message":"Bean 'org.springframework.cloud.client.loadbalancer.reactive.LoadBalancerBeanPostProcessorAutoConfiguration' of type [org.springframework.cloud.client.loadbalancer.reactive.LoadBalancerBeanPostProcessorAutoConfiguration] is not eligible for getting processed by all BeanPostProcessors (for example: not eligible for auto-proxying)"}
{"@timestamp":"2024-11-19T20:29:54.752298Z","logger_name":"org.springframework.context.support.PostProcessorRegistrationDelegate$BeanPostProcessorChecker","thread_name":"main","level":"INFO","message":"Bean 'org.springframework.cloud.client.loadbalancer.reactive.LoadBalancerBeanPostProcessorAutoConfiguration$ReactorDeferringLoadBalancerFilterConfig' of type [org.springframework.cloud.client.loadbalancer.reactive.LoadBalancerBeanPostProcessorAutoConfiguration$ReactorDeferringLoadBalancerFilterConfig] is not eligible for getting processed by all BeanPostProcessors (for example: not eligible for auto-proxying)"}
{"@timestamp":"2024-11-19T20:29:54.752697Z","logger_name":"org.springframework.context.support.PostProcessorRegistrationDelegate$BeanPostProcessorChecker","thread_name":"main","level":"INFO","message":"Bean 'reactorDeferringLoadBalancerExchangeFilterFunction' of type [org.springframework.cloud.client.loadbalancer.reactive.DeferringLoadBalancerExchangeFilterFunction] is not eligible for getting processed by all BeanPostProcessors (for example: not eligible for auto-proxying)"}
{"@timestamp":"2024-11-19T20:29:54.838833Z","logger_name":"org.springframework.boot.web.embedded.tomcat.TomcatWebServer","thread_name":"main","level":"INFO","message":"Tomcat initialized with port(s): 9191 (http)"}
{"@timestamp":"2024-11-19T20:29:54.84158Z","logger_name":"org.apache.coyote.http11.Http11NioProtocol","thread_name":"main","level":"INFO","message":"Initializing ProtocolHandler [\"http-nio-9191\"]"}
{"@timestamp":"2024-11-19T20:29:54.841824Z","logger_name":"org.apache.catalina.core.StandardService","thread_name":"main","level":"INFO","message":"Starting service [Tomcat]"}
{"@timestamp":"2024-11-19T20:29:54.841893Z","logger_name":"org.apache.catalina.core.StandardEngine","thread_name":"main","level":"INFO","message":"Starting Servlet engine: [Apache Tomcat/10.1.8]"}
{"@timestamp":"2024-11-19T20:29:54.874166Z","logger_name":"org.apache.catalina.core.ContainerBase.[Tomcat].[localhost].[/]","thread_name":"main","level":"INFO","message":"Initializing Spring embedded WebApplicationContext"}
{"@timestamp":"2024-11-19T20:29:54.874315Z","logger_name":"org.springframework.boot.web.servlet.context.ServletWebServerApplicationContext","thread_name":"main","level":"INFO","message":"Root WebApplicationContext: initialization completed in 719 ms"}
{"@timestamp":"2024-11-19T20:29:54.969267Z","logger_name":"org.hibernate.jpa.internal.util.LogHelper","thread_name":"main","level":"INFO","message":"HHH000204: Processing PersistenceUnitInfo [name: default]"}
{"@timestamp":"2024-11-19T20:29:54.98953Z","logger_name":"org.hibernate.Version","thread_name":"main","level":"INFO","message":"HHH000412: Hibernate ORM core version 6.2.2.Final"}
{"@timestamp":"2024-11-19T20:29:54.99031Z","logger_name":"org.hibernate.cfg.Environment","thread_name":"main","level":"INFO","message":"HHH000406: Using bytecode reflection optimizer"}
{"@timestamp":"2024-11-19T20:29:55.040746Z","logger_name":"org.hibernate.bytecode.internal.BytecodeProviderInitiator","thread_name":"main","level":"INFO","message":"HHH000021: Bytecode provider name : bytebuddy"}
{"@timestamp":"2024-11-19T20:29:55.092616Z","logger_name":"org.springframework.orm.jpa.persistenceunit.SpringPersistenceUnitInfo","thread_name":"main","level":"INFO","message":"No LoadTimeWeaver setup: ignoring JPA class transformer"}
{"@timestamp":"2024-11-19T20:29:55.102377Z","logger_name":"com.zaxxer.hikari.HikariDataSource","thread_name":"main","level":"INFO","message":"HikariPool-1 - Starting..."}
{"@timestamp":"2024-11-19T20:29:55.457246Z","logger_name":"com.zaxxer.hikari.pool.HikariPool","thread_name":"main","level":"INFO","message":"HikariPool-1 - Added connection com.mysql.cj.jdbc.ConnectionImpl@7ef7f414"}
{"@timestamp":"2024-11-19T20:29:55.458735Z","logger_name":"com.zaxxer.hikari.HikariDataSource","thread_name":"main","level":"INFO","message":"HikariPool-1 - Start completed."}
{"@timestamp":"2024-11-19T20:29:55.529494Z","logger_name":"org.hibernate.orm.dialect","thread_name":"main","level":"INFO","message":"HHH035001: Using dialect: org.hibernate.dialect.MySQLDialect, version: 8.0.39"}
{"@timestamp":"2024-11-19T20:29:55.654245Z","logger_name":"org.hibernate.bytecode.internal.BytecodeProviderInitiator","thread_name":"main","level":"INFO","message":"HHH000021: Bytecode provider name : bytebuddy"}
{"@timestamp":"2024-11-19T20:29:55.951584Z","logger_name":"org.hibernate.engine.transaction.jta.platform.internal.JtaPlatformInitiator","thread_name":"main","level":"INFO","message":"HHH000490: Using JtaPlatform implementation: [org.hibernate.engine.transaction.jta.platform.internal.NoJtaPlatform]"}
{"@timestamp":"2024-11-19T20:29:56.802436Z","logger_name":"org.springframework.orm.jpa.LocalContainerEntityManagerFactoryBean","thread_name":"main","level":"INFO","message":"Initialized JPA EntityManagerFactory for persistence unit 'default'"}
{"@timestamp":"2024-11-19T20:29:56.955707Z","logger_name":"org.springframework.data.jpa.repository.query.QueryEnhancerFactory","thread_name":"main","level":"INFO","message":"Hibernate is in classpath; If applicable, HQL parser will be used."}
{"@timestamp":"2024-11-19T20:29:57.245998Z","logger_name":"org.springframework.boot.autoconfigure.orm.jpa.JpaBaseConfiguration$JpaWebConfiguration","thread_name":"main","level":"WARN","message":"spring.jpa.open-in-view is enabled by default. Therefore, database queries may be performed during view rendering. Explicitly configure spring.jpa.open-in-view to disable this warning"}
{"@timestamp":"2024-11-19T20:29:57.339603Z","logger_name":"org.springframework.boot.autoconfigure.thymeleaf.ThymeleafAutoConfiguration$DefaultTemplateResolverConfiguration","thread_name":"main","level":"WARN","message":"Cannot find template location: classpath:/templates/ (please add some templates, check your Thymeleaf configuration, or set spring.thymeleaf.check-template-location=false)"}
{"@timestamp":"2024-11-19T20:29:57.535849Z","logger_name":"org.springframework.cloud.loadbalancer.config.LoadBalancerCacheAutoConfiguration$LoadBalancerCaffeineWarnLogger","thread_name":"main","level":"WARN","message":"Spring Cloud LoadBalancer is currently working with the default cache. While this cache implementation is useful for development and tests, it's recommended to use Caffeine cache in production.You can switch to using Caffeine cache, by adding it and org.springframework.cache.caffeine.CaffeineCacheManager to the classpath."}
{"@timestamp":"2024-11-19T20:29:57.582514Z","logger_name":"org.apache.coyote.http11.Http11NioProtocol","thread_name":"main","level":"INFO","message":"Starting ProtocolHandler [\"http-nio-9191\"]"}
{"@timestamp":"2024-11-19T20:29:57.592334Z","logger_name":"org.springframework.boot.web.embedded.tomcat.TomcatWebServer","thread_name":"main","level":"INFO","message":"Tomcat started on port(s): 9191 (http) with context path ''"}
{"@timestamp":"2024-11-19T20:29:57.605978Z","logger_name":"com.messagingservice.backendservice.MessagingServiceApplication","thread_name":"main","level":"INFO","message":"Started MessagingServiceApplication in 3.762 seconds (process running for 4.105)"}
{"@timestamp":"2024-11-19T20:29:57.759088Z","logger_name":"org.apache.catalina.core.ContainerBase.[Tomcat].[localhost].[/]","thread_name":"RMI TCP Connection(2)-192.168.1.33","level":"INFO","message":"Initializing Spring DispatcherServlet 'dispatcherServlet'"}
{"@timestamp":"2024-11-19T20:30:01.207294Z","logger_name":"org.hibernate.engine.jdbc.spi.SqlExceptionHelper","thread_name":"http-nio-9191-exec-1","level":"WARN","message":"SQL Error: 1062, SQLState: 23000"}
{"@timestamp":"2024-11-19T20:30:01.20775Z","logger_name":"org.hibernate.engine.jdbc.spi.SqlExceptionHelper","thread_name":"http-nio-9191-exec-1","level":"ERROR","message":"Duplicate entry 'providerSample5121' for key 'providers.providerName'"}
{"@timestamp":"2024-11-19T20:32:36.336054Z","logger_name":"com.messagingservice.backendservice.services.provider.ProviderService","thread_name":"http-nio-9191-exec-2","level":"INFO","message":"[ProducerService : saveProducer(PostM)] Saving Producer info: com.messagingservice.backendservice.model.provider.Producer@f0f6b7d"}
{"@timestamp":"2024-11-19T20:32:36.349192Z","logger_name":"com.messagingservice.backendservice.services.provider.ProviderService","thread_name":"http-nio-9191-exec-2","level":"INFO","message":"Successfully saved producer info: ProviderBasicDetailsDTO(providerId=28, providerName=providerSample6121, active=true, providerTechnicalPOC=ProviderTechnicalPOC(technicalPOCPhoneNumber=8934723333343290, technicalPOCEmailID=providerSample4121@sample.com), providerBusinessPOC=ProviderBusinessPOC(businessPOCPhoneNumber=46662345212434, businessPOCEmailID=providerSample4121@sample.com), alertNotificationEmailID=providersample4121@gmail.com)"}
{"@timestamp":"2024-11-19T20:34:17.442705Z","logger_name":"org.springframework.orm.jpa.LocalContainerEntityManagerFactoryBean","thread_name":"SpringApplicationShutdownHook","level":"INFO","message":"Closing JPA EntityManagerFactory for persistence unit 'default'"}
{"@timestamp":"2024-11-19T20:34:17.456961Z","logger_name":"com.zaxxer.hikari.HikariDataSource","thread_name":"SpringApplicationShutdownHook","level":"INFO","message":"HikariPool-1 - Shutdown initiated..."}
{"@timestamp":"2024-11-19T20:34:17.612237Z","logger_name":"com.zaxxer.hikari.HikariDataSource","thread_name":"SpringApplicationShutdownHook","level":"INFO","message":"HikariPool-1 - Shutdown completed."}
2024-11-19T20:23:49.513-05:00  INFO 39183 --- [main] c.m.b.MessagingServiceApplication        : Starting MessagingServiceApplication using Java 17.0.7 with PID 39183 (/Users/gautamjaganatha/Desktop/Java/ProjectOne/backend-service/target/classes started by gautamjaganatha in /Users/gautamjaganatha/Desktop/Java/ProjectOne)
2024-11-19T20:23:49.514-05:00  INFO 39183 --- [main] c.m.b.MessagingServiceApplication        : No active profile set, falling back to 1 default profile: "default"
2024-11-19T20:23:49.923-05:00  INFO 39183 --- [main] .s.d.r.c.RepositoryConfigurationDelegate : Bootstrapping Spring Data JPA repositories in DEFAULT mode.
2024-11-19T20:23:49.993-05:00  INFO 39183 --- [main] .s.d.r.c.RepositoryConfigurationDelegate : Finished Spring Data repository scanning in 67 ms. Found 11 JPA repository interfaces.
2024-11-19T20:23:50.100-05:00  INFO 39183 --- [main] o.s.cloud.context.scope.GenericScope     : BeanFactory id=8b2fad39-3fba-3c45-8856-67dd00689fe7
2024-11-19T20:23:50.186-05:00  INFO 39183 --- [main] trationDelegate$BeanPostProcessorChecker : Bean 'org.springframework.cloud.client.loadbalancer.reactive.LoadBalancerBeanPostProcessorAutoConfiguration' of type [org.springframework.cloud.client.loadbalancer.reactive.LoadBalancerBeanPostProcessorAutoConfiguration] is not eligible for getting processed by all BeanPostProcessors (for example: not eligible for auto-proxying)
2024-11-19T20:23:50.186-05:00  INFO 39183 --- [main] trationDelegate$BeanPostProcessorChecker : Bean 'org.springframework.cloud.client.loadbalancer.reactive.LoadBalancerBeanPostProcessorAutoConfiguration$ReactorDeferringLoadBalancerFilterConfig' of type [org.springframework.cloud.client.loadbalancer.reactive.LoadBalancerBeanPostProcessorAutoConfiguration$ReactorDeferringLoadBalancerFilterConfig] is not eligible for getting processed by all BeanPostProcessors (for example: not eligible for auto-proxying)
2024-11-19T20:23:50.187-05:00  INFO 39183 --- [main] trationDelegate$BeanPostProcessorChecker : Bean 'reactorDeferringLoadBalancerExchangeFilterFunction' of type [org.springframework.cloud.client.loadbalancer.reactive.DeferringLoadBalancerExchangeFilterFunction] is not eligible for getting processed by all BeanPostProcessors (for example: not eligible for auto-proxying)
2024-11-19T20:23:50.295-05:00  INFO 39183 --- [main] o.s.b.w.embedded.tomcat.TomcatWebServer  : Tomcat initialized with port(s): 9191 (http)
2024-11-19T20:23:50.298-05:00  INFO 39183 --- [main] o.apache.catalina.core.StandardService   : Starting service [Tomcat]
2024-11-19T20:23:50.299-05:00  INFO 39183 --- [main] o.apache.catalina.core.StandardEngine    : Starting Servlet engine: [Apache Tomcat/10.1.8]
2024-11-19T20:23:50.345-05:00  INFO 39183 --- [main] o.a.c.c.C.[Tomcat].[localhost].[/]       : Initializing Spring embedded WebApplicationContext
2024-11-19T20:23:50.346-05:00  INFO 39183 --- [main] w.s.c.ServletWebServerApplicationContext : Root WebApplicationContext: initialization completed in 817 ms
2024-11-19T20:23:50.478-05:00  INFO 39183 --- [main] o.hibernate.jpa.internal.util.LogHelper  : HHH000204: Processing PersistenceUnitInfo [name: default]
2024-11-19T20:23:50.506-05:00  INFO 39183 --- [main] org.hibernate.Version                    : HHH000412: Hibernate ORM core version 6.2.2.Final
2024-11-19T20:23:50.507-05:00  INFO 39183 --- [main] org.hibernate.cfg.Environment            : HHH000406: Using bytecode reflection optimizer
2024-11-19T20:23:50.571-05:00  INFO 39183 --- [main] o.h.b.i.BytecodeProviderInitiator        : HHH000021: Bytecode provider name : bytebuddy
2024-11-19T20:23:50.623-05:00  INFO 39183 --- [main] o.s.o.j.p.SpringPersistenceUnitInfo      : No LoadTimeWeaver setup: ignoring JPA class transformer
2024-11-19T20:23:50.631-05:00  INFO 39183 --- [main] com.zaxxer.hikari.HikariDataSource       : HikariPool-1 - Starting...
2024-11-19T20:23:51.129-05:00  INFO 39183 --- [main] com.zaxxer.hikari.pool.HikariPool        : HikariPool-1 - Added connection com.mysql.cj.jdbc.ConnectionImpl@667dd150
2024-11-19T20:23:51.131-05:00  INFO 39183 --- [main] com.zaxxer.hikari.HikariDataSource       : HikariPool-1 - Start completed.
2024-11-19T20:23:51.215-05:00  INFO 39183 --- [main] org.hibernate.orm.dialect                : HHH035001: Using dialect: org.hibernate.dialect.MySQLDialect, version: 8.0.39
2024-11-19T20:23:51.333-05:00  INFO 39183 --- [main] o.h.b.i.BytecodeProviderInitiator        : HHH000021: Bytecode provider name : bytebuddy
2024-11-19T20:23:51.665-05:00  INFO 39183 --- [main] o.h.e.t.j.p.i.JtaPlatformInitiator       : HHH000490: Using JtaPlatform implementation: [org.hibernate.engine.transaction.jta.platform.internal.NoJtaPlatform]
2024-11-19T20:23:52.815-05:00  INFO 39183 --- [main] j.LocalContainerEntityManagerFactoryBean : Initialized JPA EntityManagerFactory for persistence unit 'default'
2024-11-19T20:23:53.069-05:00  INFO 39183 --- [main] o.s.d.j.r.query.QueryEnhancerFactory     : Hibernate is in classpath; If applicable, HQL parser will be used.
2024-11-19T20:23:53.427-05:00  WARN 39183 --- [main] JpaBaseConfiguration$JpaWebConfiguration : spring.jpa.open-in-view is enabled by default. Therefore, database queries may be performed during view rendering. Explicitly configure spring.jpa.open-in-view to disable this warning
2024-11-19T20:23:53.542-05:00  WARN 39183 --- [main] ion$DefaultTemplateResolverConfiguration : Cannot find template location: classpath:/templates/ (please add some templates, check your Thymeleaf configuration, or set spring.thymeleaf.check-template-location=false)
2024-11-19T20:23:53.782-05:00  WARN 39183 --- [main] iguration$LoadBalancerCaffeineWarnLogger : Spring Cloud LoadBalancer is currently working with the default cache. While this cache implementation is useful for development and tests, it's recommended to use Caffeine cache in production.You can switch to using Caffeine cache, by adding it and org.springframework.cache.caffeine.CaffeineCacheManager to the classpath.
2024-11-19T20:23:53.845-05:00  INFO 39183 --- [main] o.s.b.w.embedded.tomcat.TomcatWebServer  : Tomcat started on port(s): 9191 (http) with context path ''
2024-11-19T20:23:53.858-05:00  INFO 39183 --- [main] c.m.b.MessagingServiceApplication        : Started MessagingServiceApplication in 4.582 seconds (process running for 4.927)
2024-11-19T20:23:54.409-05:00  INFO 39183 --- [RMI TCP Connection(5)-192.168.1.169] o.a.c.c.C.[Tomcat].[localhost].[/]       : Initializing Spring DispatcherServlet 'dispatcherServlet'
2024-11-19T20:24:07.170-05:00  WARN 39183 --- [http-nio-9191-exec-2] o.h.engine.jdbc.spi.SqlExceptionHelper   : SQL Error: 1062, SQLState: 23000
2024-11-19T20:24:07.170-05:00 ERROR 39183 --- [http-nio-9191-exec-2] o.h.engine.jdbc.spi.SqlExceptionHelper   : Duplicate entry 'providerSample6121' for key 'providers.providerName'
2024-11-19T20:28:34.251-05:00  INFO 39183 --- [SpringApplicationShutdownHook] j.LocalContainerEntityManagerFactoryBean : Closing JPA EntityManagerFactory for persistence unit 'default'
2024-11-19T20:28:34.268-05:00  INFO 39183 --- [SpringApplicationShutdownHook] com.zaxxer.hikari.HikariDataSource       : HikariPool-1 - Shutdown initiated...
2024-11-19T20:28:34.463-05:00  INFO 39183 --- [SpringApplicationShutdownHook] com.zaxxer.hikari.HikariDataSource       : HikariPool-1 - Shutdown completed.
{"@timestamp":"2024-11-19T20:35:59.945629-05:00","@version":"1","message":"Starting MessagingServiceApplication using Java 17.0.7 with PID 39302 (/Users/gautamjaganatha/Desktop/Java/ProjectOne/backend-service/target/classes started by gautamjaganatha in /Users/gautamjaganatha/Desktop/Java/ProjectOne)","logger_name":"com.messagingservice.backendservice.MessagingServiceApplication","thread_name":"main","level":"INFO","level_value":20000}
{"@timestamp":"2024-11-19T20:35:59.949622-05:00","@version":"1","message":"No active profile set, falling back to 1 default profile: \"default\"","logger_name":"com.messagingservice.backendservice.MessagingServiceApplication","thread_name":"main","level":"INFO","level_value":20000}
{"@timestamp":"2024-11-19T20:36:00.393848-05:00","@version":"1","message":"Bootstrapping Spring Data JPA repositories in DEFAULT mode.","logger_name":"org.springframework.data.repository.config.RepositoryConfigurationDelegate","thread_name":"main","level":"INFO","level_value":20000}
{"@timestamp":"2024-11-19T20:36:00.466533-05:00","@version":"1","message":"Finished Spring Data repository scanning in 69 ms. Found 11 JPA repository interfaces.","logger_name":"org.springframework.data.repository.config.RepositoryConfigurationDelegate","thread_name":"main","level":"INFO","level_value":20000}
{"@timestamp":"2024-11-19T20:36:00.586364-05:00","@version":"1","message":"BeanFactory id=8b2fad39-3fba-3c45-8856-67dd00689fe7","logger_name":"org.springframework.cloud.context.scope.GenericScope","thread_name":"main","level":"INFO","level_value":20000}
{"@timestamp":"2024-11-19T20:36:00.662653-05:00","@version":"1","message":"Bean 'org.springframework.cloud.client.loadbalancer.reactive.LoadBalancerBeanPostProcessorAutoConfiguration' of type [org.springframework.cloud.client.loadbalancer.reactive.LoadBalancerBeanPostProcessorAutoConfiguration] is not eligible for getting processed by all BeanPostProcessors (for example: not eligible for auto-proxying)","logger_name":"org.springframework.context.support.PostProcessorRegistrationDelegate$BeanPostProcessorChecker","thread_name":"main","level":"INFO","level_value":20000}
{"@timestamp":"2024-11-19T20:36:00.66348-05:00","@version":"1","message":"Bean 'org.springframework.cloud.client.loadbalancer.reactive.LoadBalancerBeanPostProcessorAutoConfiguration$ReactorDeferringLoadBalancerFilterConfig' of type [org.springframework.cloud.client.loadbalancer.reactive.LoadBalancerBeanPostProcessorAutoConfiguration$ReactorDeferringLoadBalancerFilterConfig] is not eligible for getting processed by all BeanPostProcessors (for example: not eligible for auto-proxying)","logger_name":"org.springframework.context.support.PostProcessorRegistrationDelegate$BeanPostProcessorChecker","thread_name":"main","level":"INFO","level_value":20000}
{"@timestamp":"2024-11-19T20:36:00.664177-05:00","@version":"1","message":"Bean 'reactorDeferringLoadBalancerExchangeFilterFunction' of type [org.springframework.cloud.client.loadbalancer.reactive.DeferringLoadBalancerExchangeFilterFunction] is not eligible for getting processed by all BeanPostProcessors (for example: not eligible for auto-proxying)","logger_name":"org.springframework.context.support.PostProcessorRegistrationDelegate$BeanPostProcessorChecker","thread_name":"main","level":"INFO","level_value":20000}
{"@timestamp":"2024-11-19T20:36:00.763893-05:00","@version":"1","message":"Tomcat initialized with port(s): 9191 (http)","logger_name":"org.springframework.boot.web.embedded.tomcat.TomcatWebServer","thread_name":"main","level":"INFO","level_value":20000}
{"@timestamp":"2024-11-19T20:36:00.767248-05:00","@version":"1","message":"Initializing ProtocolHandler [\"http-nio-9191\"]","logger_name":"org.apache.coyote.http11.Http11NioProtocol","thread_name":"main","level":"INFO","level_value":20000}
{"@timestamp":"2024-11-19T20:36:00.76755-05:00","@version":"1","message":"Starting service [Tomcat]","logger_name":"org.apache.catalina.core.StandardService","thread_name":"main","level":"INFO","level_value":20000}
{"@timestamp":"2024-11-19T20:36:00.767651-05:00","@version":"1","message":"Starting Servlet engine: [Apache Tomcat/10.1.8]","logger_name":"org.apache.catalina.core.StandardEngine","thread_name":"main","level":"INFO","level_value":20000}
{"@timestamp":"2024-11-19T20:36:00.807281-05:00","@version":"1","message":"Initializing Spring embedded WebApplicationContext","logger_name":"org.apache.catalina.core.ContainerBase.[Tomcat].[localhost].[/]","thread_name":"main","level":"INFO","level_value":20000}
{"@timestamp":"2024-11-19T20:36:00.807451-05:00","@version":"1","message":"Root WebApplicationContext: initialization completed in 844 ms","logger_name":"org.springframework.boot.web.servlet.context.ServletWebServerApplicationContext","thread_name":"main","level":"INFO","level_value":20000}
{"@timestamp":"2024-11-19T20:36:00.921312-05:00","@version":"1","message":"HHH000204: Processing PersistenceUnitInfo [name: default]","logger_name":"org.hibernate.jpa.internal.util.LogHelper","thread_name":"main","level":"INFO","level_value":20000}
{"@timestamp":"2024-11-19T20:36:00.94798-05:00","@version":"1","message":"HHH000412: Hibernate ORM core version 6.2.2.Final","logger_name":"org.hibernate.Version","thread_name":"main","level":"INFO","level_value":20000}
{"@timestamp":"2024-11-19T20:36:00.949002-05:00","@version":"1","message":"HHH000406: Using bytecode reflection optimizer","logger_name":"org.hibernate.cfg.Environment","thread_name":"main","level":"INFO","level_value":20000}
{"@timestamp":"2024-11-19T20:36:01.006189-05:00","@version":"1","message":"HHH000021: Bytecode provider name : bytebuddy","logger_name":"org.hibernate.bytecode.internal.BytecodeProviderInitiator","thread_name":"main","level":"INFO","level_value":20000}
{"@timestamp":"2024-11-19T20:36:01.059604-05:00","@version":"1","message":"No LoadTimeWeaver setup: ignoring JPA class transformer","logger_name":"org.springframework.orm.jpa.persistenceunit.SpringPersistenceUnitInfo","thread_name":"main","level":"INFO","level_value":20000}
{"@timestamp":"2024-11-19T20:36:01.068381-05:00","@version":"1","message":"HikariPool-1 - Starting...","logger_name":"com.zaxxer.hikari.HikariDataSource","thread_name":"main","level":"INFO","level_value":20000}
{"@timestamp":"2024-11-19T20:36:01.497365-05:00","@version":"1","message":"HikariPool-1 - Added connection com.mysql.cj.jdbc.ConnectionImpl@32ddcca","logger_name":"com.zaxxer.hikari.pool.HikariPool","thread_name":"main","level":"INFO","level_value":20000}
{"@timestamp":"2024-11-19T20:36:01.498906-05:00","@version":"1","message":"HikariPool-1 - Start completed.","logger_name":"com.zaxxer.hikari.HikariDataSource","thread_name":"main","level":"INFO","level_value":20000}
{"@timestamp":"2024-11-19T20:36:01.57517-05:00","@version":"1","message":"HHH035001: Using dialect: org.hibernate.dialect.MySQLDialect, version: 8.0.39","logger_name":"org.hibernate.orm.dialect","thread_name":"main","level":"INFO","level_value":20000}
{"@timestamp":"2024-11-19T20:36:01.691438-05:00","@version":"1","message":"HHH000021: Bytecode provider name : bytebuddy","logger_name":"org.hibernate.bytecode.internal.BytecodeProviderInitiator","thread_name":"main","level":"INFO","level_value":20000}
{"@timestamp":"2024-11-19T20:36:02.017545-05:00","@version":"1","message":"HHH000490: Using JtaPlatform implementation: [org.hibernate.engine.transaction.jta.platform.internal.NoJtaPlatform]","logger_name":"org.hibernate.engine.transaction.jta.platform.internal.JtaPlatformInitiator","thread_name":"main","level":"INFO","level_value":20000}
{"@timestamp":"2024-11-19T20:36:02.992284-05:00","@version":"1","message":"Initialized JPA EntityManagerFactory for persistence unit 'default'","logger_name":"org.springframework.orm.jpa.LocalContainerEntityManagerFactoryBean","thread_name":"main","level":"INFO","level_value":20000}
{"@timestamp":"2024-11-19T20:36:03.168238-05:00","@version":"1","message":"Hibernate is in classpath; If applicable, HQL parser will be used.","logger_name":"org.springframework.data.jpa.repository.query.QueryEnhancerFactory","thread_name":"main","level":"INFO","level_value":20000}
{"@timestamp":"2024-11-19T20:36:03.462114-05:00","@version":"1","message":"spring.jpa.open-in-view is enabled by default. Therefore, database queries may be performed during view rendering. Explicitly configure spring.jpa.open-in-view to disable this warning","logger_name":"org.springframework.boot.autoconfigure.orm.jpa.JpaBaseConfiguration$JpaWebConfiguration","thread_name":"main","level":"WARN","level_value":30000}
{"@timestamp":"2024-11-19T20:36:03.573564-05:00","@version":"1","message":"Cannot find template location: classpath:/templates/ (please add some templates, check your Thymeleaf configuration, or set spring.thymeleaf.check-template-location=false)","logger_name":"org.springframework.boot.autoconfigure.thymeleaf.ThymeleafAutoConfiguration$DefaultTemplateResolverConfiguration","thread_name":"main","level":"WARN","level_value":30000}
{"@timestamp":"2024-11-19T20:36:03.794662-05:00","@version":"1","message":"Spring Cloud LoadBalancer is currently working with the default cache. While this cache implementation is useful for development and tests, it's recommended to use Caffeine cache in production.You can switch to using Caffeine cache, by adding it and org.springframework.cache.caffeine.CaffeineCacheManager to the classpath.","logger_name":"org.springframework.cloud.loadbalancer.config.LoadBalancerCacheAutoConfiguration$LoadBalancerCaffeineWarnLogger","thread_name":"main","level":"WARN","level_value":30000}
{"@timestamp":"2024-11-19T20:36:03.83366-05:00","@version":"1","message":"Starting ProtocolHandler [\"http-nio-9191\"]","logger_name":"org.apache.coyote.http11.Http11NioProtocol","thread_name":"main","level":"INFO","level_value":20000}
{"@timestamp":"2024-11-19T20:36:03.841655-05:00","@version":"1","message":"Tomcat started on port(s): 9191 (http) with context path ''","logger_name":"org.springframework.boot.web.embedded.tomcat.TomcatWebServer","thread_name":"main","level":"INFO","level_value":20000}
{"@timestamp":"2024-11-19T20:36:03.854165-05:00","@version":"1","message":"Started MessagingServiceApplication in 4.275 seconds (process running for 4.815)","logger_name":"com.messagingservice.backendservice.MessagingServiceApplication","thread_name":"main","level":"INFO","level_value":20000}
{"@timestamp":"2024-11-19T20:36:04.461786-05:00","@version":"1","message":"Initializing Spring DispatcherServlet 'dispatcherServlet'","logger_name":"org.apache.catalina.core.ContainerBase.[Tomcat].[localhost].[/]","thread_name":"RMI TCP Connection(3)-192.168.1.169","level":"INFO","level_value":20000}
{"@timestamp":"2024-11-19T20:36:17.124261-05:00","@version":"1","message":"SQL Error: 1062, SQLState: 23000","logger_name":"org.hibernate.engine.jdbc.spi.SqlExceptionHelper","thread_name":"http-nio-9191-exec-1","level":"WARN","level_value":30000}
{"@timestamp":"2024-11-19T20:36:17.124766-05:00","@version":"1","message":"Duplicate entry 'providerSample6121' for key 'providers.providerName'","logger_name":"org.hibernate.engine.jdbc.spi.SqlExceptionHelper","thread_name":"http-nio-9191-exec-1","level":"ERROR","level_value":40000}
{"@timestamp":"2024-11-19T20:45:42.046768-05:00","@version":"1","message":"Closing JPA EntityManagerFactory for persistence unit 'default'","logger_name":"org.springframework.orm.jpa.LocalContainerEntityManagerFactoryBean","thread_name":"SpringApplicationShutdownHook","level":"INFO","level_value":20000}
{"@timestamp":"2024-11-19T20:45:42.068273-05:00","@version":"1","message":"HikariPool-1 - Shutdown initiated...","logger_name":"com.zaxxer.hikari.HikariDataSource","thread_name":"SpringApplicationShutdownHook","level":"INFO","level_value":20000}
{"@timestamp":"2024-11-19T20:45:42.268169-05:00","@version":"1","message":"HikariPool-1 - Shutdown completed.","logger_name":"com.zaxxer.hikari.HikariDataSource","thread_name":"SpringApplicationShutdownHook","level":"INFO","level_value":20000}
