2024-11-20T09:05:01.649-05:00  INFO 40934 --- [main] c.m.d.DeliveryServiceApplication         : Starting DeliveryServiceApplication using Java 17.0.7 with PID 40934 (/Users/gautamjaganatha/Desktop/Java/ProjectOne/delivery-service/target/classes started by gautamjaganatha in /Users/gautamjaganatha/Desktop/Java/ProjectOne)
2024-11-20T09:05:01.650-05:00  INFO 40934 --- [main] c.m.d.DeliveryServiceApplication         : No active profile set, falling back to 1 default profile: "default"
2024-11-20T09:05:02.036-05:00  INFO 40934 --- [main] o.s.cloud.context.scope.GenericScope     : BeanFactory id=4c25cde6-2a20-3a97-8baa-c773725d3664
2024-11-20T09:05:02.055-05:00  INFO 40934 --- [main] trationDelegate$BeanPostProcessorChecker : Bean 'org.springframework.cloud.client.loadbalancer.reactive.LoadBalancerBeanPostProcessorAutoConfiguration' of type [org.springframework.cloud.client.loadbalancer.reactive.LoadBalancerBeanPostProcessorAutoConfiguration] is not eligible for getting processed by all BeanPostProcessors (for example: not eligible for auto-proxying)
2024-11-20T09:05:02.056-05:00  INFO 40934 --- [main] trationDelegate$BeanPostProcessorChecker : Bean 'org.springframework.cloud.client.loadbalancer.reactive.LoadBalancerBeanPostProcessorAutoConfiguration$ReactorDeferringLoadBalancerFilterConfig' of type [org.springframework.cloud.client.loadbalancer.reactive.LoadBalancerBeanPostProcessorAutoConfiguration$ReactorDeferringLoadBalancerFilterConfig] is not eligible for getting processed by all BeanPostProcessors (for example: not eligible for auto-proxying)
2024-11-20T09:05:02.056-05:00  INFO 40934 --- [main] trationDelegate$BeanPostProcessorChecker : Bean 'reactorDeferringLoadBalancerExchangeFilterFunction' of type [org.springframework.cloud.client.loadbalancer.reactive.DeferringLoadBalancerExchangeFilterFunction] is not eligible for getting processed by all BeanPostProcessors (for example: not eligible for auto-proxying)
2024-11-20T09:05:02.143-05:00  INFO 40934 --- [main] o.s.b.w.embedded.tomcat.TomcatWebServer  : Tomcat initialized with port(s): 9192 (http)
2024-11-20T09:05:02.146-05:00  INFO 40934 --- [main] o.apache.catalina.core.StandardService   : Starting service [Tomcat]
2024-11-20T09:05:02.146-05:00  INFO 40934 --- [main] o.apache.catalina.core.StandardEngine    : Starting Servlet engine: [Apache Tomcat/10.1.8]
2024-11-20T09:05:02.178-05:00  INFO 40934 --- [main] o.a.c.c.C.[Tomcat].[localhost].[/]       : Initializing Spring embedded WebApplicationContext
2024-11-20T09:05:02.178-05:00  INFO 40934 --- [main] w.s.c.ServletWebServerApplicationContext : Root WebApplicationContext: initialization completed in 513 ms
2024-11-20T09:05:02.556-05:00  WARN 40934 --- [main] iguration$LoadBalancerCaffeineWarnLogger : Spring Cloud LoadBalancer is currently working with the default cache. While this cache implementation is useful for development and tests, it's recommended to use Caffeine cache in production.You can switch to using Caffeine cache, by adding it and org.springframework.cache.caffeine.CaffeineCacheManager to the classpath.
2024-11-20T09:05:02.595-05:00  INFO 40934 --- [main] o.s.b.w.embedded.tomcat.TomcatWebServer  : Tomcat started on port(s): 9192 (http) with context path ''
2024-11-20T09:05:02.609-05:00  INFO 40934 --- [main] c.m.d.DeliveryServiceApplication         : Started DeliveryServiceApplication in 1.177 seconds (process running for 1.418)
2024-11-20T09:05:02.908-05:00  INFO 40934 --- [RMI TCP Connection(3)-192.168.1.169] o.a.c.c.C.[Tomcat].[localhost].[/]       : Initializing Spring DispatcherServlet 'dispatcherServlet'
2024-11-20T09:06:45.315-05:00  INFO 40959 --- [main] c.m.d.DeliveryServiceApplication         : Starting DeliveryServiceApplication using Java 17.0.7 with PID 40959 (/Users/gautamjaganatha/Desktop/Java/ProjectOne/delivery-service/target/classes started by gautamjaganatha in /Users/gautamjaganatha/Desktop/Java/ProjectOne)
2024-11-20T09:06:45.316-05:00  INFO 40959 --- [main] c.m.d.DeliveryServiceApplication         : No active profile set, falling back to 1 default profile: "default"
2024-11-20T09:06:45.712-05:00  INFO 40959 --- [main] o.s.cloud.context.scope.GenericScope     : BeanFactory id=4c25cde6-2a20-3a97-8baa-c773725d3664
2024-11-20T09:06:45.735-05:00  INFO 40959 --- [main] trationDelegate$BeanPostProcessorChecker : Bean 'org.springframework.cloud.client.loadbalancer.reactive.LoadBalancerBeanPostProcessorAutoConfiguration' of type [org.springframework.cloud.client.loadbalancer.reactive.LoadBalancerBeanPostProcessorAutoConfiguration] is not eligible for getting processed by all BeanPostProcessors (for example: not eligible for auto-proxying)
2024-11-20T09:06:45.737-05:00  INFO 40959 --- [main] trationDelegate$BeanPostProcessorChecker : Bean 'org.springframework.cloud.client.loadbalancer.reactive.LoadBalancerBeanPostProcessorAutoConfiguration$ReactorDeferringLoadBalancerFilterConfig' of type [org.springframework.cloud.client.loadbalancer.reactive.LoadBalancerBeanPostProcessorAutoConfiguration$ReactorDeferringLoadBalancerFilterConfig] is not eligible for getting processed by all BeanPostProcessors (for example: not eligible for auto-proxying)
2024-11-20T09:06:45.737-05:00  INFO 40959 --- [main] trationDelegate$BeanPostProcessorChecker : Bean 'reactorDeferringLoadBalancerExchangeFilterFunction' of type [org.springframework.cloud.client.loadbalancer.reactive.DeferringLoadBalancerExchangeFilterFunction] is not eligible for getting processed by all BeanPostProcessors (for example: not eligible for auto-proxying)
2024-11-20T09:06:45.823-05:00  INFO 40959 --- [main] o.s.b.w.embedded.tomcat.TomcatWebServer  : Tomcat initialized with port(s): 9192 (http)
2024-11-20T09:06:45.826-05:00  INFO 40959 --- [main] o.apache.catalina.core.StandardService   : Starting service [Tomcat]
2024-11-20T09:06:45.827-05:00  INFO 40959 --- [main] o.apache.catalina.core.StandardEngine    : Starting Servlet engine: [Apache Tomcat/10.1.8]
2024-11-20T09:06:45.864-05:00  INFO 40959 --- [main] o.a.c.c.C.[Tomcat].[localhost].[/]       : Initializing Spring embedded WebApplicationContext
2024-11-20T09:06:45.864-05:00  INFO 40959 --- [main] w.s.c.ServletWebServerApplicationContext : Root WebApplicationContext: initialization completed in 531 ms
2024-11-20T09:06:46.195-05:00  WARN 40959 --- [main] iguration$LoadBalancerCaffeineWarnLogger : Spring Cloud LoadBalancer is currently working with the default cache. While this cache implementation is useful for development and tests, it's recommended to use Caffeine cache in production.You can switch to using Caffeine cache, by adding it and org.springframework.cache.caffeine.CaffeineCacheManager to the classpath.
2024-11-20T09:06:46.231-05:00  INFO 40959 --- [main] o.s.b.w.embedded.tomcat.TomcatWebServer  : Tomcat started on port(s): 9192 (http) with context path ''
2024-11-20T09:06:46.243-05:00  INFO 40959 --- [main] c.m.d.DeliveryServiceApplication         : Started DeliveryServiceApplication in 1.183 seconds (process running for 1.455)
2024-11-20T09:06:46.534-05:00  INFO 40959 --- [RMI TCP Connection(3)-192.168.1.169] o.a.c.c.C.[Tomcat].[localhost].[/]       : Initializing Spring DispatcherServlet 'dispatcherServlet'
{"@timestamp":"2024-11-20T09:10:19.334454-05:00","@version":"1","message":"Starting DeliveryServiceApplication using Java 17.0.7 with PID 40987 (/Users/gautamjaganatha/Desktop/Java/ProjectOne/delivery-service/target/classes started by gautamjaganatha in /Users/gautamjaganatha/Desktop/Java/ProjectOne)","logger_name":"com.messagingservice.deliveryservice.DeliveryServiceApplication","thread_name":"main","level":"INFO","level_value":20000}
{"@timestamp":"2024-11-20T09:10:19.338358-05:00","@version":"1","message":"No active profile set, falling back to 1 default profile: \"default\"","logger_name":"com.messagingservice.deliveryservice.DeliveryServiceApplication","thread_name":"main","level":"INFO","level_value":20000}
{"@timestamp":"2024-11-20T09:10:19.746774-05:00","@version":"1","message":"BeanFactory id=4c25cde6-2a20-3a97-8baa-c773725d3664","logger_name":"org.springframework.cloud.context.scope.GenericScope","thread_name":"main","level":"INFO","level_value":20000}
{"@timestamp":"2024-11-20T09:10:19.76486-05:00","@version":"1","message":"Bean 'org.springframework.cloud.client.loadbalancer.reactive.LoadBalancerBeanPostProcessorAutoConfiguration' of type [org.springframework.cloud.client.loadbalancer.reactive.LoadBalancerBeanPostProcessorAutoConfiguration] is not eligible for getting processed by all BeanPostProcessors (for example: not eligible for auto-proxying)","logger_name":"org.springframework.context.support.PostProcessorRegistrationDelegate$BeanPostProcessorChecker","thread_name":"main","level":"INFO","level_value":20000}
{"@timestamp":"2024-11-20T09:10:19.765546-05:00","@version":"1","message":"Bean 'org.springframework.cloud.client.loadbalancer.reactive.LoadBalancerBeanPostProcessorAutoConfiguration$ReactorDeferringLoadBalancerFilterConfig' of type [org.springframework.cloud.client.loadbalancer.reactive.LoadBalancerBeanPostProcessorAutoConfiguration$ReactorDeferringLoadBalancerFilterConfig] is not eligible for getting processed by all BeanPostProcessors (for example: not eligible for auto-proxying)","logger_name":"org.springframework.context.support.PostProcessorRegistrationDelegate$BeanPostProcessorChecker","thread_name":"main","level":"INFO","level_value":20000}
{"@timestamp":"2024-11-20T09:10:19.766157-05:00","@version":"1","message":"Bean 'reactorDeferringLoadBalancerExchangeFilterFunction' of type [org.springframework.cloud.client.loadbalancer.reactive.DeferringLoadBalancerExchangeFilterFunction] is not eligible for getting processed by all BeanPostProcessors (for example: not eligible for auto-proxying)","logger_name":"org.springframework.context.support.PostProcessorRegistrationDelegate$BeanPostProcessorChecker","thread_name":"main","level":"INFO","level_value":20000}
{"@timestamp":"2024-11-20T09:10:19.858709-05:00","@version":"1","message":"Tomcat initialized with port(s): 9192 (http)","logger_name":"org.springframework.boot.web.embedded.tomcat.TomcatWebServer","thread_name":"main","level":"INFO","level_value":20000}
{"@timestamp":"2024-11-20T09:10:19.862208-05:00","@version":"1","message":"Initializing ProtocolHandler [\"http-nio-9192\"]","logger_name":"org.apache.coyote.http11.Http11NioProtocol","thread_name":"main","level":"INFO","level_value":20000}
{"@timestamp":"2024-11-20T09:10:19.862483-05:00","@version":"1","message":"Starting service [Tomcat]","logger_name":"org.apache.catalina.core.StandardService","thread_name":"main","level":"INFO","level_value":20000}
{"@timestamp":"2024-11-20T09:10:19.862572-05:00","@version":"1","message":"Starting Servlet engine: [Apache Tomcat/10.1.8]","logger_name":"org.apache.catalina.core.StandardEngine","thread_name":"main","level":"INFO","level_value":20000}
{"@timestamp":"2024-11-20T09:10:19.902013-05:00","@version":"1","message":"Initializing Spring embedded WebApplicationContext","logger_name":"org.apache.catalina.core.ContainerBase.[Tomcat].[localhost].[/]","thread_name":"main","level":"INFO","level_value":20000}
{"@timestamp":"2024-11-20T09:10:19.902185-05:00","@version":"1","message":"Root WebApplicationContext: initialization completed in 552 ms","logger_name":"org.springframework.boot.web.servlet.context.ServletWebServerApplicationContext","thread_name":"main","level":"INFO","level_value":20000}
{"@timestamp":"2024-11-20T09:10:20.276065-05:00","@version":"1","message":"Spring Cloud LoadBalancer is currently working with the default cache. While this cache implementation is useful for development and tests, it's recommended to use Caffeine cache in production.You can switch to using Caffeine cache, by adding it and org.springframework.cache.caffeine.CaffeineCacheManager to the classpath.","logger_name":"org.springframework.cloud.loadbalancer.config.LoadBalancerCacheAutoConfiguration$LoadBalancerCaffeineWarnLogger","thread_name":"main","level":"WARN","level_value":30000}
{"@timestamp":"2024-11-20T09:10:20.299494-05:00","@version":"1","message":"Starting ProtocolHandler [\"http-nio-9192\"]","logger_name":"org.apache.coyote.http11.Http11NioProtocol","thread_name":"main","level":"INFO","level_value":20000}
{"@timestamp":"2024-11-20T09:10:20.307635-05:00","@version":"1","message":"Tomcat started on port(s): 9192 (http) with context path ''","logger_name":"org.springframework.boot.web.embedded.tomcat.TomcatWebServer","thread_name":"main","level":"INFO","level_value":20000}
{"@timestamp":"2024-11-20T09:10:20.322638-05:00","@version":"1","message":"Started DeliveryServiceApplication in 1.321 seconds (process running for 1.668)","logger_name":"com.messagingservice.deliveryservice.DeliveryServiceApplication","thread_name":"main","level":"INFO","level_value":20000}
{"@timestamp":"2024-11-20T09:10:20.896425-05:00","@version":"1","message":"Initializing Spring DispatcherServlet 'dispatcherServlet'","logger_name":"org.apache.catalina.core.ContainerBase.[Tomcat].[localhost].[/]","thread_name":"RMI TCP Connection(2)-192.168.1.169","level":"INFO","level_value":20000}
